<?xml version="1.0" encoding="UTF-8"?>
<!-- Generated by org.testng.reporters.JUnitReportReporter -->
<testsuite hostname="DESKTOP-H0UJ53H" failures="0" tests="1" name="com.test.ParametersTest" time="9.377" errors="0" timestamp="7 May 2025 12:16:58 GMT">
  <testcase classname="com.test.ParametersTest" name="webpage" time="9.377"/>
</testsuite> <!-- com.test.ParametersTest -->
