<?xml version="1.0" encoding="UTF-8"?>
<!-- Generated by org.testng.reporters.JUnitReportReporter -->
<testsuite hostname="DESKTOP-H0UJ53H" failures="0" tests="3" name="com.test.TestingFeatures" time="0.011" errors="0" timestamp="7 May 2025 08:01:19 GMT">
  <testcase classname="com.test.TestingFeatures" name="homepage" time="0.007"/>
  <testcase classname="com.test.TestingFeatures" name="login" time="0.001"/>
  <testcase classname="com.test.TestingFeatures" name="logout" time="0.003"/>
</testsuite> <!-- com.test.TestingFeatures -->
