<?xml version="1.0" encoding="UTF-8"?>
<!-- Generated by org.testng.reporters.JUnitReportReporter -->
<testsuite hostname="DESKTOP-H0UJ53H" failures="0" tests="1" name="goibibo.BookingTicket" time="11.287" errors="0" timestamp="1 Aug 2025 12:18:11 GMT">
  <testcase classname="goibibo.BookingTicket" name="openpage" time="11.287"/>
</testsuite> <!-- goibibo.BookingTicket -->
