<?xml version="1.0" encoding="UTF-8"?>
<!-- Generated by org.testng.reporters.JUnitReportReporter -->
<testsuite hostname="DESKTOP-H0UJ53H" failures="0" tests="1" name="com.test.TestNGBasics" time="0.016" errors="0" timestamp="14 May 2025 04:39:19 GMT">
  <testcase classname="com.test.TestNGBasics" name="title" time="0.016"/>
</testsuite> <!-- com.test.TestNGBasics -->
